[0.309s] DEBUG:colcon:Command line arguments: ['/usr/bin/colcon', 'build', '--symlink-install']
[0.309s] DEBUG:colcon:Parsed command line arguments: Namespace(allow_overriding=[], ament_cmake_args=None, base_paths=['.'], build_base='build', catkin_cmake_args=None, catkin_skip_building_tests=False, cmake_args=None, cmake_clean_cache=False, cmake_clean_first=False, cmake_force_configure=False, cmake_target=None, cmake_target_skip_unavailable=False, continue_on_error=False, event_handlers=None, executor='parallel', ignore_user_meta=False, install_base='install', log_base=None, log_level=None, main=<bound method BuildVerb.main of <colcon_core.verb.build.BuildVerb object at 0x7f06bb75a460>>, merge_install=False, metas=['./colcon.meta'], packages_above=None, packages_above_and_dependencies=None, packages_above_depth=None, packages_end=None, packages_ignore=None, packages_ignore_regex=None, packages_select=None, packages_select_build_failed=False, packages_select_by_dep=None, packages_select_regex=None, packages_select_test_failures=False, packages_skip=None, packages_skip_build_finished=False, packages_skip_by_dep=None, packages_skip_regex=None, packages_skip_test_passed=False, packages_skip_up_to=None, packages_start=None, packages_up_to=None, packages_up_to_regex=None, parallel_workers=8, paths=None, symlink_install=True, test_result_base=None, verb_extension=<colcon_core.verb.build.BuildVerb object at 0x7f06bb75a460>, verb_name='build', verb_parser=<colcon_defaults.argument_parser.defaults.DefaultArgumentsDecorator object at 0x7f06bb75a9a0>)
[0.357s] Level 1:colcon.colcon_core.package_discovery:discover_packages(colcon_meta) check parameters
[0.357s] Level 1:colcon.colcon_core.package_discovery:discover_packages(recursive) check parameters
[0.357s] Level 1:colcon.colcon_core.package_discovery:discover_packages(ignore) check parameters
[0.357s] Level 1:colcon.colcon_core.package_discovery:discover_packages(path) check parameters
[0.357s] Level 1:colcon.colcon_core.package_discovery:discover_packages(colcon_meta) discover
[0.357s] Level 1:colcon.colcon_core.package_discovery:discover_packages(recursive) discover
[0.357s] INFO:colcon.colcon_core.package_discovery:Crawling recursively for packages in '/home/desktop/dev_ws/src/my_bot'
[0.357s] Level 1:colcon.colcon_core.package_identification:_identify(.) by extensions ['ignore', 'ignore_ament_install']
[0.357s] Level 1:colcon.colcon_core.package_identification:_identify(.) by extension 'ignore'
[0.357s] Level 1:colcon.colcon_core.package_identification:_identify(.) by extension 'ignore_ament_install'
[0.357s] Level 1:colcon.colcon_core.package_identification:_identify(.) by extensions ['colcon_pkg']
[0.358s] Level 1:colcon.colcon_core.package_identification:_identify(.) by extension 'colcon_pkg'
[0.358s] Level 1:colcon.colcon_core.package_identification:_identify(.) by extensions ['colcon_meta']
[0.358s] Level 1:colcon.colcon_core.package_identification:_identify(.) by extension 'colcon_meta'
[0.358s] Level 1:colcon.colcon_core.package_identification:_identify(.) by extensions ['ros']
[0.358s] Level 1:colcon.colcon_core.package_identification:_identify(.) by extension 'ros'
[0.376s] DEBUG:colcon.colcon_core.package_identification:Package '.' with type 'ros.ament_cmake' and name 'my_bot'
[0.376s] Level 1:colcon.colcon_core.package_discovery:discover_packages(recursive) using defaults
[0.376s] Level 1:colcon.colcon_core.package_discovery:discover_packages(ignore) discover
[0.376s] Level 1:colcon.colcon_core.package_discovery:discover_packages(ignore) using defaults
[0.376s] Level 1:colcon.colcon_core.package_discovery:discover_packages(path) discover
[0.376s] Level 1:colcon.colcon_core.package_discovery:discover_packages(path) using defaults
[0.434s] Level 1:colcon.colcon_core.package_discovery:discover_packages(prefix_path) check parameters
[0.434s] Level 1:colcon.colcon_core.package_discovery:discover_packages(prefix_path) discover
[0.440s] DEBUG:colcon.colcon_installed_package_information.package_discovery:Found 288 installed packages in /opt/ros/foxy
[0.442s] Level 1:colcon.colcon_core.package_discovery:discover_packages(prefix_path) using defaults
[0.538s] Level 5:colcon.colcon_core.verb:set package 'my_bot' build argument 'cmake_args' from command line to 'None'
[0.538s] Level 5:colcon.colcon_core.verb:set package 'my_bot' build argument 'cmake_target' from command line to 'None'
[0.538s] Level 5:colcon.colcon_core.verb:set package 'my_bot' build argument 'cmake_target_skip_unavailable' from command line to 'False'
[0.538s] Level 5:colcon.colcon_core.verb:set package 'my_bot' build argument 'cmake_clean_cache' from command line to 'False'
[0.538s] Level 5:colcon.colcon_core.verb:set package 'my_bot' build argument 'cmake_clean_first' from command line to 'False'
[0.538s] Level 5:colcon.colcon_core.verb:set package 'my_bot' build argument 'cmake_force_configure' from command line to 'False'
[0.538s] Level 5:colcon.colcon_core.verb:set package 'my_bot' build argument 'ament_cmake_args' from command line to 'None'
[0.538s] Level 5:colcon.colcon_core.verb:set package 'my_bot' build argument 'catkin_cmake_args' from command line to 'None'
[0.538s] Level 5:colcon.colcon_core.verb:set package 'my_bot' build argument 'catkin_skip_building_tests' from command line to 'False'
[0.538s] DEBUG:colcon.colcon_core.verb:Building package 'my_bot' with the following arguments: {'ament_cmake_args': None, 'build_base': '/home/desktop/dev_ws/src/my_bot/build/my_bot', 'catkin_cmake_args': None, 'catkin_skip_building_tests': False, 'cmake_args': None, 'cmake_clean_cache': False, 'cmake_clean_first': False, 'cmake_force_configure': False, 'cmake_target': None, 'cmake_target_skip_unavailable': False, 'install_base': '/home/desktop/dev_ws/src/my_bot/install/my_bot', 'merge_install': False, 'path': '/home/desktop/dev_ws/src/my_bot', 'symlink_install': True, 'test_result_base': None}
[0.539s] INFO:colcon.colcon_core.executor:Executing jobs using 'parallel' executor
[0.543s] DEBUG:colcon.colcon_parallel_executor.executor.parallel:run_until_complete
[0.543s] INFO:colcon.colcon_ros.task.ament_cmake.build:Building ROS package in '/home/desktop/dev_ws/src/my_bot' with build type 'ament_cmake'
[0.543s] INFO:colcon.colcon_cmake.task.cmake.build:Building CMake package in '/home/desktop/dev_ws/src/my_bot'
[0.553s] INFO:colcon.colcon_core.plugin_system:Skipping extension 'colcon_core.shell.bat': Not used on non-Windows systems
[0.553s] INFO:colcon.colcon_core.shell:Skip shell extension 'powershell' for command environment: Not usable outside of PowerShell
[0.553s] DEBUG:colcon.colcon_core.shell:Skip shell extension 'dsv' for command environment
[0.566s] DEBUG:colcon.colcon_core.event_handler.log_command:Invoking command in '/home/desktop/dev_ws/src/my_bot/build/my_bot': CMAKE_PREFIX_PATH=/opt/ros/foxy /usr/bin/cmake /home/desktop/dev_ws/src/my_bot -DAMENT_CMAKE_SYMLINK_INSTALL=1 -DCMAKE_INSTALL_PREFIX=/home/desktop/dev_ws/src/my_bot/install/my_bot
[1.671s] DEBUG:colcon.colcon_core.event_handler.log_command:Invoked command in '/home/desktop/dev_ws/src/my_bot/build/my_bot' returned '0': CMAKE_PREFIX_PATH=/opt/ros/foxy /usr/bin/cmake /home/desktop/dev_ws/src/my_bot -DAMENT_CMAKE_SYMLINK_INSTALL=1 -DCMAKE_INSTALL_PREFIX=/home/desktop/dev_ws/src/my_bot/install/my_bot
[1.676s] DEBUG:colcon.colcon_core.event_handler.log_command:Invoking command in '/home/desktop/dev_ws/src/my_bot/build/my_bot': CMAKE_PREFIX_PATH=/opt/ros/foxy /usr/bin/cmake --build /home/desktop/dev_ws/src/my_bot/build/my_bot -- -j8 -l8
[1.726s] DEBUG:colcon.colcon_core.event_handler.log_command:Invoked command in '/home/desktop/dev_ws/src/my_bot/build/my_bot' returned '0': CMAKE_PREFIX_PATH=/opt/ros/foxy /usr/bin/cmake --build /home/desktop/dev_ws/src/my_bot/build/my_bot -- -j8 -l8
[1.771s] DEBUG:colcon.colcon_core.event_handler.log_command:Invoking command in '/home/desktop/dev_ws/src/my_bot/build/my_bot': CMAKE_PREFIX_PATH=/opt/ros/foxy /usr/bin/cmake --install /home/desktop/dev_ws/src/my_bot/build/my_bot
[2.112s] Level 1:colcon.colcon_core.environment:create_environment_scripts_only(my_bot)
[2.113s] DEBUG:colcon.colcon_core.event_handler.log_command:Invoked command in '/home/desktop/dev_ws/src/my_bot/build/my_bot' returned '0': CMAKE_PREFIX_PATH=/opt/ros/foxy /usr/bin/cmake --install /home/desktop/dev_ws/src/my_bot/build/my_bot
[2.126s] Level 1:colcon.colcon_core.environment:checking '/home/desktop/dev_ws/src/my_bot/install/my_bot' for CMake module files
[2.126s] Level 1:colcon.colcon_core.environment:checking '/home/desktop/dev_ws/src/my_bot/install/my_bot' for CMake config files
[2.126s] Level 1:colcon.colcon_core.shell:create_environment_hook('my_bot', 'cmake_prefix_path')
[2.128s] INFO:colcon.colcon_core.shell:Creating environment hook '/home/desktop/dev_ws/src/my_bot/install/my_bot/share/my_bot/hook/cmake_prefix_path.ps1'
[2.129s] INFO:colcon.colcon_core.shell:Creating environment descriptor '/home/desktop/dev_ws/src/my_bot/install/my_bot/share/my_bot/hook/cmake_prefix_path.dsv'
[2.130s] INFO:colcon.colcon_core.shell:Creating environment hook '/home/desktop/dev_ws/src/my_bot/install/my_bot/share/my_bot/hook/cmake_prefix_path.sh'
[2.131s] Level 1:colcon.colcon_core.environment:checking '/home/desktop/dev_ws/src/my_bot/install/my_bot/bin'
[2.131s] Level 1:colcon.colcon_core.environment:checking '/home/desktop/dev_ws/src/my_bot/install/my_bot/lib/pkgconfig/my_bot.pc'
[2.132s] Level 1:colcon.colcon_core.environment:checking '/home/desktop/dev_ws/src/my_bot/install/my_bot/lib/python3.8/site-packages'
[2.132s] Level 1:colcon.colcon_core.environment:checking '/home/desktop/dev_ws/src/my_bot/install/my_bot/bin'
[2.133s] INFO:colcon.colcon_core.shell:Creating package script '/home/desktop/dev_ws/src/my_bot/install/my_bot/share/my_bot/package.ps1'
[2.134s] INFO:colcon.colcon_core.shell:Creating package descriptor '/home/desktop/dev_ws/src/my_bot/install/my_bot/share/my_bot/package.dsv'
[2.135s] INFO:colcon.colcon_core.shell:Creating package script '/home/desktop/dev_ws/src/my_bot/install/my_bot/share/my_bot/package.sh'
[2.136s] INFO:colcon.colcon_core.shell:Creating package script '/home/desktop/dev_ws/src/my_bot/install/my_bot/share/my_bot/package.bash'
[2.137s] INFO:colcon.colcon_core.shell:Creating package script '/home/desktop/dev_ws/src/my_bot/install/my_bot/share/my_bot/package.zsh'
[2.139s] Level 1:colcon.colcon_core.environment:create_file_with_runtime_dependencies(/home/desktop/dev_ws/src/my_bot/install/my_bot/share/colcon-core/packages/my_bot)
[2.167s] Level 1:colcon.colcon_core.environment:create_environment_scripts_only(my_bot)
[2.170s] Level 1:colcon.colcon_core.environment:checking '/home/desktop/dev_ws/src/my_bot/install/my_bot' for CMake module files
[2.171s] Level 1:colcon.colcon_core.environment:checking '/home/desktop/dev_ws/src/my_bot/install/my_bot' for CMake config files
[2.171s] Level 1:colcon.colcon_core.shell:create_environment_hook('my_bot', 'cmake_prefix_path')
[2.173s] INFO:colcon.colcon_core.shell:Creating environment hook '/home/desktop/dev_ws/src/my_bot/install/my_bot/share/my_bot/hook/cmake_prefix_path.ps1'
[2.174s] INFO:colcon.colcon_core.shell:Creating environment descriptor '/home/desktop/dev_ws/src/my_bot/install/my_bot/share/my_bot/hook/cmake_prefix_path.dsv'
[2.175s] INFO:colcon.colcon_core.shell:Creating environment hook '/home/desktop/dev_ws/src/my_bot/install/my_bot/share/my_bot/hook/cmake_prefix_path.sh'
[2.175s] Level 1:colcon.colcon_core.environment:checking '/home/desktop/dev_ws/src/my_bot/install/my_bot/bin'
[2.175s] Level 1:colcon.colcon_core.environment:checking '/home/desktop/dev_ws/src/my_bot/install/my_bot/lib/pkgconfig/my_bot.pc'
[2.176s] Level 1:colcon.colcon_core.environment:checking '/home/desktop/dev_ws/src/my_bot/install/my_bot/lib/python3.8/site-packages'
[2.176s] Level 1:colcon.colcon_core.environment:checking '/home/desktop/dev_ws/src/my_bot/install/my_bot/bin'
[2.177s] INFO:colcon.colcon_core.shell:Creating package script '/home/desktop/dev_ws/src/my_bot/install/my_bot/share/my_bot/package.ps1'
[2.178s] INFO:colcon.colcon_core.shell:Creating package descriptor '/home/desktop/dev_ws/src/my_bot/install/my_bot/share/my_bot/package.dsv'
[2.179s] INFO:colcon.colcon_core.shell:Creating package script '/home/desktop/dev_ws/src/my_bot/install/my_bot/share/my_bot/package.sh'
[2.179s] INFO:colcon.colcon_core.shell:Creating package script '/home/desktop/dev_ws/src/my_bot/install/my_bot/share/my_bot/package.bash'
[2.179s] INFO:colcon.colcon_core.shell:Creating package script '/home/desktop/dev_ws/src/my_bot/install/my_bot/share/my_bot/package.zsh'
[2.180s] Level 1:colcon.colcon_core.environment:create_file_with_runtime_dependencies(/home/desktop/dev_ws/src/my_bot/install/my_bot/share/colcon-core/packages/my_bot)
[2.180s] DEBUG:colcon.colcon_parallel_executor.executor.parallel:closing loop
[2.181s] DEBUG:colcon.colcon_parallel_executor.executor.parallel:loop closed
[2.181s] DEBUG:colcon.colcon_parallel_executor.executor.parallel:run_until_complete finished with '0'
[2.181s] DEBUG:colcon.colcon_core.event_reactor:joining thread
[2.189s] INFO:colcon.colcon_core.plugin_system:Skipping extension 'colcon_notification.desktop_notification.terminal_notifier': Not used on non-Darwin systems
[2.190s] INFO:colcon.colcon_core.plugin_system:Skipping extension 'colcon_notification.desktop_notification.win32': Not used on non-Windows systems
[2.190s] INFO:colcon.colcon_notification.desktop_notification:Sending desktop notification using 'notify2'
[2.350s] DEBUG:colcon.colcon_core.event_reactor:joined thread
[2.353s] INFO:colcon.colcon_core.shell:Creating prefix script '/home/desktop/dev_ws/src/my_bot/install/local_setup.ps1'
[2.355s] INFO:colcon.colcon_core.shell:Creating prefix util module '/home/desktop/dev_ws/src/my_bot/install/_local_setup_util_ps1.py'
[2.357s] INFO:colcon.colcon_core.shell:Creating prefix chain script '/home/desktop/dev_ws/src/my_bot/install/setup.ps1'
[2.360s] INFO:colcon.colcon_core.shell:Creating prefix script '/home/desktop/dev_ws/src/my_bot/install/local_setup.sh'
[2.361s] INFO:colcon.colcon_core.shell:Creating prefix util module '/home/desktop/dev_ws/src/my_bot/install/_local_setup_util_sh.py'
[2.361s] INFO:colcon.colcon_core.shell:Creating prefix chain script '/home/desktop/dev_ws/src/my_bot/install/setup.sh'
[2.363s] INFO:colcon.colcon_core.shell:Creating prefix script '/home/desktop/dev_ws/src/my_bot/install/local_setup.bash'
[2.363s] INFO:colcon.colcon_core.shell:Creating prefix chain script '/home/desktop/dev_ws/src/my_bot/install/setup.bash'
[2.365s] INFO:colcon.colcon_core.shell:Creating prefix script '/home/desktop/dev_ws/src/my_bot/install/local_setup.zsh'
[2.366s] INFO:colcon.colcon_core.shell:Creating prefix chain script '/home/desktop/dev_ws/src/my_bot/install/setup.zsh'
