[0.022s] Invoking command in '/home/desktop/dev_ws/src/my_bot/build/my_bot': CMAKE_PREFIX_PATH=/opt/ros/foxy /usr/bin/cmake /home/desktop/dev_ws/src/my_bot -DAMENT_CMAKE_SYMLINK_INSTALL=1 -DCMAKE_INSTALL_PREFIX=/home/desktop/dev_ws/src/my_bot/install/my_bot
[0.150s] -- The C compiler identification is GNU 9.4.0
[0.263s] -- The CXX compiler identification is GNU 9.4.0
[0.273s] -- Check for working C compiler: /usr/bin/cc
[0.359s] -- Check for working C compiler: /usr/bin/cc -- works
[0.361s] -- Detecting C compiler ABI info
[0.460s] -- Detecting C compiler ABI info - done
[0.474s] -- Detecting C compile features
[0.475s] -- Detecting C compile features - done
[0.478s] -- Check for working CXX compiler: /usr/bin/c++
[0.583s] -- Check for working CXX compiler: /usr/bin/c++ -- works
[0.584s] -- Detecting CXX compiler ABI info
[0.687s] -- Detecting CXX compiler ABI info - done
[0.699s] -- Detecting CXX compile features
[0.699s] -- Detecting CXX compile features - done
[0.705s] -- Found ament_cmake: 0.9.11 (/opt/ros/foxy/share/ament_cmake/cmake)
[0.740s] -- Found PythonInterp: /usr/bin/python3 (found suitable version "3.8.10", minimum required is "3") 
[0.741s] -- Using PYTHON_EXECUTABLE: /usr/bin/python3
[0.944s] -- Override CMake install command with custom implementation using symlinks instead of copying resources
[0.984s] -- Found ament_lint_auto: 0.9.7 (/opt/ros/foxy/share/ament_lint_auto/cmake)
[1.081s] -- Added test 'copyright' to check source files copyright and LICENSE
[1.093s] -- Added test 'cppcheck' to perform static code analysis on C / C++ code
[1.093s] -- Configured cppcheck include dirs: 
[1.093s] -- Configured cppcheck exclude dirs and/or files: 
[1.100s] -- Added test 'cpplint' to check C / C++ code against the Google style
[1.100s] -- Configured cpplint exclude dirs and/or files: 
[1.101s] -- Added test 'flake8' to check Python code syntax and style conventions
[1.103s] -- Added test 'lint_cmake' to check CMake code style
[1.105s] -- Added test 'pep257' to check Python code against some of the style conventions in PEP 257
[1.114s] -- Added test 'uncrustify' to check C / C++ code style
[1.114s] -- Configured uncrustify additional arguments: 
[1.116s] -- Added test 'xmllint' to check XML markup files
[1.119s] -- Configuring done
[1.121s] -- Generating done
[1.122s] -- Build files have been written to: /home/desktop/dev_ws/src/my_bot/build/my_bot
[1.127s] Invoked command in '/home/desktop/dev_ws/src/my_bot/build/my_bot' returned '0': CMAKE_PREFIX_PATH=/opt/ros/foxy /usr/bin/cmake /home/desktop/dev_ws/src/my_bot -DAMENT_CMAKE_SYMLINK_INSTALL=1 -DCMAKE_INSTALL_PREFIX=/home/desktop/dev_ws/src/my_bot/install/my_bot
[1.132s] Invoking command in '/home/desktop/dev_ws/src/my_bot/build/my_bot': CMAKE_PREFIX_PATH=/opt/ros/foxy /usr/bin/cmake --build /home/desktop/dev_ws/src/my_bot/build/my_bot -- -j8 -l8
[1.182s] Invoked command in '/home/desktop/dev_ws/src/my_bot/build/my_bot' returned '0': CMAKE_PREFIX_PATH=/opt/ros/foxy /usr/bin/cmake --build /home/desktop/dev_ws/src/my_bot/build/my_bot -- -j8 -l8
[1.227s] Invoking command in '/home/desktop/dev_ws/src/my_bot/build/my_bot': CMAKE_PREFIX_PATH=/opt/ros/foxy /usr/bin/cmake --install /home/desktop/dev_ws/src/my_bot/build/my_bot
[1.237s] -- Install configuration: ""
[1.238s] -- Execute custom install script
[1.238s] -- Symlinking: /home/desktop/dev_ws/src/my_bot/install/my_bot/share/my_bot/config/gazebo_params.yaml
[1.250s] -- Symlinking: /home/desktop/dev_ws/src/my_bot/install/my_bot/share/my_bot/config/joysick.yaml
[1.264s] -- Symlinking: /home/desktop/dev_ws/src/my_bot/install/my_bot/share/my_bot/config/main.rviz
[1.275s] -- Symlinking: /home/desktop/dev_ws/src/my_bot/install/my_bot/share/my_bot/config/my_controllers.yaml
[1.285s] -- Symlinking: /home/desktop/dev_ws/src/my_bot/install/my_bot/share/my_bot/config/view_bot.rviz
[1.296s] -- Symlinking: /home/desktop/dev_ws/src/my_bot/install/my_bot/share/my_bot/description/gazebo_control.xacro
[1.306s] -- Symlinking: /home/desktop/dev_ws/src/my_bot/install/my_bot/share/my_bot/description/inertial_macros.xacro
[1.316s] -- Symlinking: /home/desktop/dev_ws/src/my_bot/install/my_bot/share/my_bot/description/lidar.xacro
[1.326s] -- Symlinking: /home/desktop/dev_ws/src/my_bot/install/my_bot/share/my_bot/description/robot.urdf.xacro
[1.338s] -- Symlinking: /home/desktop/dev_ws/src/my_bot/install/my_bot/share/my_bot/description/robot_core.xacro
[1.347s] -- Symlinking: /home/desktop/dev_ws/src/my_bot/install/my_bot/share/my_bot/description/ros2_control.xacro
[1.358s] -- Symlinking: /home/desktop/dev_ws/src/my_bot/install/my_bot/share/my_bot/launch/joystick.launch.py
[1.369s] -- Symlinking: /home/desktop/dev_ws/src/my_bot/install/my_bot/share/my_bot/launch/launch_sim.launch.py
[1.379s] -- Symlinking: /home/desktop/dev_ws/src/my_bot/install/my_bot/share/my_bot/launch/rsp.launch.py
[1.389s] -- Symlinking: /home/desktop/dev_ws/src/my_bot/install/my_bot/share/my_bot/worlds/empty.world
[1.401s] -- Symlinking: /home/desktop/dev_ws/src/my_bot/install/my_bot/share/ament_index/resource_index/package_run_dependencies/my_bot
[1.413s] -- Symlinking: /home/desktop/dev_ws/src/my_bot/install/my_bot/share/ament_index/resource_index/parent_prefix_path/my_bot
[1.425s] -- Symlinking: /home/desktop/dev_ws/src/my_bot/install/my_bot/share/my_bot/environment/ament_prefix_path.sh
[1.436s] -- Symlinking: /home/desktop/dev_ws/src/my_bot/install/my_bot/share/my_bot/environment/ament_prefix_path.dsv
[1.446s] -- Symlinking: /home/desktop/dev_ws/src/my_bot/install/my_bot/share/my_bot/environment/path.sh
[1.458s] -- Symlinking: /home/desktop/dev_ws/src/my_bot/install/my_bot/share/my_bot/environment/path.dsv
[1.469s] -- Symlinking: /home/desktop/dev_ws/src/my_bot/install/my_bot/share/my_bot/local_setup.bash
[1.480s] -- Symlinking: /home/desktop/dev_ws/src/my_bot/install/my_bot/share/my_bot/local_setup.sh
[1.491s] -- Symlinking: /home/desktop/dev_ws/src/my_bot/install/my_bot/share/my_bot/local_setup.zsh
[1.502s] -- Symlinking: /home/desktop/dev_ws/src/my_bot/install/my_bot/share/my_bot/local_setup.dsv
[1.514s] -- Symlinking: /home/desktop/dev_ws/src/my_bot/install/my_bot/share/my_bot/package.dsv
[1.525s] -- Symlinking: /home/desktop/dev_ws/src/my_bot/install/my_bot/share/ament_index/resource_index/packages/my_bot
[1.536s] -- Symlinking: /home/desktop/dev_ws/src/my_bot/install/my_bot/share/my_bot/cmake/my_botConfig.cmake
[1.546s] -- Symlinking: /home/desktop/dev_ws/src/my_bot/install/my_bot/share/my_bot/cmake/my_botConfig-version.cmake
[1.557s] -- Symlinking: /home/desktop/dev_ws/src/my_bot/install/my_bot/share/my_bot/package.xml
[1.569s] Invoked command in '/home/desktop/dev_ws/src/my_bot/build/my_bot' returned '0': CMAKE_PREFIX_PATH=/opt/ros/foxy /usr/bin/cmake --install /home/desktop/dev_ws/src/my_bot/build/my_bot
